<?xml version="1.0" encoding="UTF-8"?>
<!-- Generated by org.testng.reporters.JUnitXMLReporter -->
<testsuite ignored="0" hostname="Savithri" failures="1" tests="1" name="Test-Runner-2" time="25.742" errors="0" timestamp="2025-06-19T13:49:15 IST">
  <testcase classname="testNgPractice.ADDLowestPriceProducttocartTC_002" name="AddLowestPriceproducttocarttest" time="9.769">
    <failure type="java.lang.AssertionError" message="null">
      <![CDATA[java.lang.AssertionError: null
at testNgPractice.ADDLowestPriceProducttocartTC_002.AddLowestPriceproducttocarttest(ADDLowestPriceProducttocartTC_002.java:50)
at java.base/java.util.ArrayList.forEach(ArrayList.java:1596)
at java.base/java.util.concurrent.FutureTask.run(FutureTask.java:317)
at java.base/java.util.concurrent.ThreadPoolExecutor.runWorker(ThreadPoolExecutor.java:1144)
at java.base/java.util.concurrent.ThreadPoolExecutor$Worker.run(ThreadPoolExecutor.java:642)
at java.base/java.lang.Thread.run(Thread.java:1583)
... Removed 17 stack frames]]>
    </failure>
  </testcase> <!-- AddLowestPriceproducttocarttest -->
</testsuite> <!-- Test-Runner-2 -->
