<?xml version="1.0" encoding="UTF-8"?>
<!-- Generated by org.testng.reporters.JUnitXMLReporter -->
<testsuite ignored="0" hostname="Savithri" failures="0" tests="1" name="Test-Runner-1" time="23.749" errors="0" timestamp="2025-06-19T13:49:14 IST">
  <testcase classname="testNgPractice.AddProducttocartTestNG" name="AddProducttocartTestNg" time="11.322"/>
</testsuite> <!-- Test-Runner-1 -->
