<?xml version="1.0" encoding="UTF-8"?>
<!-- Generated by org.testng.reporters.JUnitXMLReporter -->
<testsuite ignored="0" hostname="Savithri" failures="0" tests="6" name="Test-runner1" time="0.108" errors="0" timestamp="2025-06-16T13:19:02 IST">
  <testcase classname="testNgPractice.DataProviderpackage" name="createCustomer" time="0.013"/>
  <testcase classname="testNgPractice.DataProviderpackage" name="createCustomer" time="0.002"/>
  <testcase classname="testNgPractice.DataProviderpackage" name="createCustomer" time="0.002"/>
  <testcase classname="testNgPractice.DataProviderpackage" name="createCustomer" time="0.003"/>
  <testcase classname="testNgPractice.AssertionPractice" name="Softsample" time="0.012"/>
  <testcase classname="testNgPractice.AssertionPractice" name="hardsample" time="0.003"/>
</testsuite> <!-- Test-runner1 -->
