<?xml version="1.0" encoding="UTF-8"?>
<!-- Generated by org.testng.reporters.JUnitReportReporter -->
<testsuite hostname="Savithri" failures="0" tests="4" name="testNgPractice.DataProviderpackage" time="0.020" errors="0" timestamp="2025-06-16T13:19:25 IST" skipped="0">
  <testcase classname="testNgPractice.DataProviderpackage" name="createCustomer" time="0.013"/>
  <testcase classname="testNgPractice.DataProviderpackage" name="createCustomer" time="0.003"/>
  <testcase classname="testNgPractice.DataProviderpackage" name="createCustomer" time="0.002"/>
  <testcase classname="testNgPractice.DataProviderpackage" name="createCustomer" time="0.002"/>
</testsuite> <!-- testNgPractice.DataProviderpackage -->
