<?xml version="1.0" encoding="UTF-8"?>
<!-- Generated by org.testng.reporters.JUnitReportReporter -->
<testsuite hostname="Savithri" failures="0" tests="3" name="testNgPractice.TestNgPractice" time="0.013" errors="0" timestamp="2025-06-16T13:19:25 IST" skipped="0">
  <testcase classname="testNgPractice.TestNgPractice" name="modify" time="0.005"/>
  <testcase classname="testNgPractice.TestNgPractice" name="delete" time="0.004"/>
  <testcase classname="testNgPractice.TestNgPractice" name="create" time="0.004"/>
</testsuite> <!-- testNgPractice.TestNgPractice -->
