<?xml version="1.0" encoding="UTF-8"?>
<!-- Generated by org.testng.reporters.JUnitReportReporter -->
<testsuite hostname="Savithri" failures="0" tests="2" name="testNgPractice.AssertionPractice" time="0.015" errors="0" timestamp="2025-06-16T13:19:25 IST" skipped="0">
  <testcase classname="testNgPractice.AssertionPractice" name="Softsample" time="0.012"/>
  <testcase classname="testNgPractice.AssertionPractice" name="hardsample" time="0.003"/>
</testsuite> <!-- testNgPractice.AssertionPractice -->
