<?xml version="1.0" encoding="UTF-8"?>
<!-- Generated by org.testng.reporters.JUnitReportReporter -->
<testsuite hostname="Savithri" failures="0" tests="1" name="testNgPractice.AddProducttocartTestNG" time="11.995" errors="0" timestamp="2025-06-19T13:49:15 IST" skipped="0">
  <testcase classname="testNgPractice.AddProducttocartTestNG" name="AddProducttocartTestNg" time="11.995"/>
</testsuite> <!-- testNgPractice.AddProducttocartTestNG -->
